Added Component: Designator=K1(DIN41612_EuropadonB64_Hyls)
Added Component: Designator=K2(DIN41612_EuropadonB64_Hyls)
Added Component: Designator=K3(DIN41612_EuropadonB64_Hyls)
Added Component: Designator=Lödöron(Lödöron_19)
Added Component: Designator=Skruvplint-1(Skruvplint_12anslutn)
Added Component: Designator=Skruvplint-2(Skruvplint_12anslutn)
Added Pin To Net: NetName=A1 Pin=K1-1
Added Pin To Net: NetName=A1 Pin=K2-1
Added Pin To Net: NetName=A1 Pin=K3-1
Added Net: Name=A1
Added Pin To Net: NetName=A2 Pin=K1-3
Added Pin To Net: NetName=A2 Pin=K2-3
Added Pin To Net: NetName=A2 Pin=K3-3
Added Net: Name=A2
Added Pin To Net: NetName=A3 Pin=K1-5
Added Pin To Net: NetName=A3 Pin=K2-5
Added Pin To Net: NetName=A3 Pin=K3-5
Added Net: Name=A3
Added Pin To Net: NetName=A4 Pin=K1-7
Added Pin To Net: NetName=A4 Pin=K2-7
Added Pin To Net: NetName=A4 Pin=K3-7
Added Net: Name=A4
Added Pin To Net: NetName=A5 Pin=K1-9
Added Pin To Net: NetName=A5 Pin=K2-9
Added Pin To Net: NetName=A5 Pin=K3-9
Added Net: Name=A5
Added Pin To Net: NetName=A6 Pin=K1-11
Added Pin To Net: NetName=A6 Pin=K2-11
Added Pin To Net: NetName=A6 Pin=K3-11
Added Net: Name=A6
Added Pin To Net: NetName=A7 Pin=K1-13
Added Pin To Net: NetName=A7 Pin=K2-13
Added Pin To Net: NetName=A7 Pin=K3-13
Added Net: Name=A7
Added Pin To Net: NetName=A8 Pin=K1-15
Added Pin To Net: NetName=A8 Pin=K2-15
Added Pin To Net: NetName=A8 Pin=K3-15
Added Net: Name=A8
Added Pin To Net: NetName=A9 Pin=K1-17
Added Pin To Net: NetName=A9 Pin=K2-17
Added Pin To Net: NetName=A9 Pin=K3-17
Added Net: Name=A9
Added Pin To Net: NetName=A10 Pin=K1-19
Added Pin To Net: NetName=A10 Pin=K2-19
Added Pin To Net: NetName=A10 Pin=K3-19
Added Net: Name=A10
Added Pin To Net: NetName=A11 Pin=K1-21
Added Pin To Net: NetName=A11 Pin=K2-21
Added Pin To Net: NetName=A11 Pin=K3-21
Added Net: Name=A11
Added Pin To Net: NetName=A12 Pin=K1-23
Added Pin To Net: NetName=A12 Pin=K2-23
Added Pin To Net: NetName=A12 Pin=K3-23
Added Net: Name=A12
Added Pin To Net: NetName=A13 Pin=K1-25
Added Pin To Net: NetName=A13 Pin=K2-25
Added Pin To Net: NetName=A13 Pin=K3-25
Added Net: Name=A13
Added Pin To Net: NetName=A14 Pin=K1-27
Added Pin To Net: NetName=A14 Pin=K2-27
Added Pin To Net: NetName=A14 Pin=K3-27
Added Net: Name=A14
Added Pin To Net: NetName=A15 Pin=K1-29
Added Pin To Net: NetName=A15 Pin=K2-29
Added Pin To Net: NetName=A15 Pin=K3-29
Added Net: Name=A15
Added Pin To Net: NetName=A16 Pin=K1-31
Added Pin To Net: NetName=A16 Pin=K2-31
Added Pin To Net: NetName=A16 Pin=K3-31
Added Net: Name=A16
Added Pin To Net: NetName=A17 Pin=K1-33
Added Pin To Net: NetName=A17 Pin=K2-33
Added Pin To Net: NetName=A17 Pin=K3-33
Added Net: Name=A17
Added Pin To Net: NetName=A18 Pin=K1-35
Added Pin To Net: NetName=A18 Pin=K2-35
Added Pin To Net: NetName=A18 Pin=K3-35
Added Net: Name=A18
Added Pin To Net: NetName=A19 Pin=K1-37
Added Pin To Net: NetName=A19 Pin=K2-37
Added Pin To Net: NetName=A19 Pin=K3-37
Added Net: Name=A19
Added Pin To Net: NetName=A20 Pin=K1-39
Added Pin To Net: NetName=A20 Pin=K2-39
Added Pin To Net: NetName=A20 Pin=K3-39
Added Net: Name=A20
Added Pin To Net: NetName=A21 Pin=K1-41
Added Pin To Net: NetName=A21 Pin=K2-41
Added Pin To Net: NetName=A21 Pin=K3-41
Added Net: Name=A21
Added Pin To Net: NetName=A22 Pin=K1-43
Added Pin To Net: NetName=A22 Pin=K2-43
Added Pin To Net: NetName=A22 Pin=K3-43
Added Net: Name=A22
Added Pin To Net: NetName=A23 Pin=K1-45
Added Pin To Net: NetName=A23 Pin=K2-45
Added Pin To Net: NetName=A23 Pin=K3-45
Added Net: Name=A23
Added Pin To Net: NetName=A24 Pin=K1-47
Added Pin To Net: NetName=A24 Pin=K2-47
Added Pin To Net: NetName=A24 Pin=K3-47
Added Net: Name=A24
Added Pin To Net: NetName=A25 Pin=K1-49
Added Pin To Net: NetName=A25 Pin=K2-49
Added Pin To Net: NetName=A25 Pin=K3-49
Added Net: Name=A25
Added Pin To Net: NetName=A26 Pin=K1-51
Added Pin To Net: NetName=A26 Pin=K2-51
Added Pin To Net: NetName=A26 Pin=K3-51
Added Net: Name=A26
Added Pin To Net: NetName=A27 Pin=K1-53
Added Pin To Net: NetName=A27 Pin=K2-53
Added Pin To Net: NetName=A27 Pin=K3-53
Added Net: Name=A27
Added Pin To Net: NetName=A28 Pin=K1-55
Added Pin To Net: NetName=A28 Pin=K2-55
Added Pin To Net: NetName=A28 Pin=K3-55
Added Net: Name=A28
Added Pin To Net: NetName=A29 Pin=K1-57
Added Pin To Net: NetName=A29 Pin=K2-57
Added Pin To Net: NetName=A29 Pin=K3-57
Added Net: Name=A29
Added Pin To Net: NetName=A30 Pin=K1-59
Added Pin To Net: NetName=A30 Pin=K2-59
Added Pin To Net: NetName=A30 Pin=K3-59
Added Net: Name=A30
Added Pin To Net: NetName=A31 Pin=K1-61
Added Pin To Net: NetName=A31 Pin=K2-61
Added Pin To Net: NetName=A31 Pin=K3-61
Added Net: Name=A31
Added Pin To Net: NetName=A32 Pin=K1-63
Added Pin To Net: NetName=A32 Pin=K2-63
Added Pin To Net: NetName=A32 Pin=K3-63
Added Net: Name=A32
Added Pin To Net: NetName=B1 Pin=K1-2
Added Pin To Net: NetName=B1 Pin=K2-2
Added Pin To Net: NetName=B1 Pin=K3-2
Added Net: Name=B1
Added Pin To Net: NetName=B2 Pin=K1-4
Added Pin To Net: NetName=B2 Pin=K2-4
Added Pin To Net: NetName=B2 Pin=K3-4
Added Net: Name=B2
Added Pin To Net: NetName=B3 Pin=K1-6
Added Pin To Net: NetName=B3 Pin=K2-6
Added Pin To Net: NetName=B3 Pin=K3-6
Added Net: Name=B3
Added Pin To Net: NetName=B4 Pin=K1-8
Added Pin To Net: NetName=B4 Pin=K2-8
Added Pin To Net: NetName=B4 Pin=K3-8
Added Net: Name=B4
Added Pin To Net: NetName=B5 Pin=K1-10
Added Pin To Net: NetName=B5 Pin=K2-10
Added Pin To Net: NetName=B5 Pin=K3-10
Added Net: Name=B5
Added Pin To Net: NetName=B6 Pin=K1-12
Added Pin To Net: NetName=B6 Pin=K2-12
Added Pin To Net: NetName=B6 Pin=K3-12
Added Net: Name=B6
Added Pin To Net: NetName=B7 Pin=K1-14
Added Pin To Net: NetName=B7 Pin=K2-14
Added Pin To Net: NetName=B7 Pin=K3-14
Added Net: Name=B7
Added Pin To Net: NetName=B8 Pin=K1-16
Added Pin To Net: NetName=B8 Pin=K2-16
Added Pin To Net: NetName=B8 Pin=K3-16
Added Net: Name=B8
Added Pin To Net: NetName=B9 Pin=K1-18
Added Pin To Net: NetName=B9 Pin=K2-18
Added Pin To Net: NetName=B9 Pin=K3-18
Added Net: Name=B9
Added Pin To Net: NetName=B10 Pin=K1-20
Added Pin To Net: NetName=B10 Pin=K2-20
Added Pin To Net: NetName=B10 Pin=K3-20
Added Net: Name=B10
Added Pin To Net: NetName=B11 Pin=K1-22
Added Pin To Net: NetName=B11 Pin=K2-22
Added Pin To Net: NetName=B11 Pin=K3-22
Added Net: Name=B11
Added Pin To Net: NetName=B12 Pin=K1-24
Added Pin To Net: NetName=B12 Pin=K2-24
Added Pin To Net: NetName=B12 Pin=K3-24
Added Net: Name=B12
Added Pin To Net: NetName=B13 Pin=K1-26
Added Pin To Net: NetName=B13 Pin=K2-26
Added Pin To Net: NetName=B13 Pin=K3-26
Added Net: Name=B13
Added Pin To Net: NetName=B14 Pin=K1-28
Added Pin To Net: NetName=B14 Pin=K2-28
Added Pin To Net: NetName=B14 Pin=K3-28
Added Net: Name=B14
Added Pin To Net: NetName=B15 Pin=K1-30
Added Pin To Net: NetName=B15 Pin=K2-30
Added Pin To Net: NetName=B15 Pin=K3-30
Added Net: Name=B15
Added Pin To Net: NetName=B16 Pin=K1-32
Added Pin To Net: NetName=B16 Pin=K2-32
Added Pin To Net: NetName=B16 Pin=K3-32
Added Net: Name=B16
Added Pin To Net: NetName=B17 Pin=K1-34
Added Pin To Net: NetName=B17 Pin=K2-34
Added Pin To Net: NetName=B17 Pin=K3-34
Added Net: Name=B17
Added Pin To Net: NetName=B18 Pin=K1-36
Added Pin To Net: NetName=B18 Pin=K2-36
Added Pin To Net: NetName=B18 Pin=K3-36
Added Net: Name=B18
Added Pin To Net: NetName=B19 Pin=K1-38
Added Pin To Net: NetName=B19 Pin=K2-38
Added Pin To Net: NetName=B19 Pin=K3-38
Added Net: Name=B19
Added Pin To Net: NetName=B20 Pin=K1-40
Added Pin To Net: NetName=B20 Pin=K2-40
Added Pin To Net: NetName=B20 Pin=K3-40
Added Net: Name=B20
Added Pin To Net: NetName=B21 Pin=K1-42
Added Pin To Net: NetName=B21 Pin=K2-42
Added Pin To Net: NetName=B21 Pin=K3-42
Added Net: Name=B21
Added Pin To Net: NetName=B22 Pin=K1-44
Added Pin To Net: NetName=B22 Pin=K2-44
Added Pin To Net: NetName=B22 Pin=K3-44
Added Net: Name=B22
Added Pin To Net: NetName=B23 Pin=K1-46
Added Pin To Net: NetName=B23 Pin=K2-46
Added Pin To Net: NetName=B23 Pin=K3-46
Added Net: Name=B23
Added Pin To Net: NetName=B24 Pin=K1-48
Added Pin To Net: NetName=B24 Pin=K2-48
Added Pin To Net: NetName=B24 Pin=K3-48
Added Net: Name=B24
Added Pin To Net: NetName=B25 Pin=K1-50
Added Pin To Net: NetName=B25 Pin=K2-50
Added Pin To Net: NetName=B25 Pin=K3-50
Added Net: Name=B25
Added Pin To Net: NetName=B26 Pin=K1-52
Added Pin To Net: NetName=B26 Pin=K2-52
Added Pin To Net: NetName=B26 Pin=K3-52
Added Net: Name=B26
Added Pin To Net: NetName=B27 Pin=K1-54
Added Pin To Net: NetName=B27 Pin=K2-54
Added Pin To Net: NetName=B27 Pin=K3-54
Added Net: Name=B27
Added Pin To Net: NetName=B28 Pin=K1-56
Added Pin To Net: NetName=B28 Pin=K2-56
Added Pin To Net: NetName=B28 Pin=K3-56
Added Net: Name=B28
Added Pin To Net: NetName=B29 Pin=K1-58
Added Pin To Net: NetName=B29 Pin=K2-58
Added Pin To Net: NetName=B29 Pin=K3-58
Added Net: Name=B29
Added Pin To Net: NetName=B30 Pin=K1-60
Added Pin To Net: NetName=B30 Pin=K2-60
Added Pin To Net: NetName=B30 Pin=K3-60
Added Net: Name=B30
Added Pin To Net: NetName=B31 Pin=K1-62
Added Pin To Net: NetName=B31 Pin=K2-62
Added Pin To Net: NetName=B31 Pin=K3-62
Added Net: Name=B31
Added Pin To Net: NetName=B32 Pin=K1-64
Added Pin To Net: NetName=B32 Pin=K2-64
Added Pin To Net: NetName=B32 Pin=K3-64
Added Net: Name=B32
Added Class: Name=Schema2_bakplan_Lynx
Added Room: Name=Schema2_bakplan_Lynx
